<?xml version="1.0" encoding="UTF-8"?>
<testsuite errors="0" failures="0" name="TestMyFunction-20160915101918" skipped="0" tests="2" time="0.001">
	<testcase classname="TestMyFunction" name="test_first_element" time="0.001"/>
	<testcase classname="TestMyFunction" name="test_first_element_Sucess" time="0.000"/>
	<system-out>
<![CDATA[]]>	</system-out>
	<system-err>
<![CDATA[]]>	</system-err>
</testsuite>
