<?xml version="1.0" encoding="UTF-8"?>
<testsuite errors="0" failures="0" name="TestMyFunction-20160913170952" skipped="0" tests="1" time="0.000">
	<testcase classname="TestMyFunction" name="test_first_element" time="0.000"/>
	<system-out>
<![CDATA[]]>	</system-out>
	<system-err>
<![CDATA[]]>	</system-err>
</testsuite>
